No.629
江淑娜为琼瑶大戏《庭院深深》主唱的主题曲，同名为《庭院深深》，她也因此曲提高了在歌坛的知名度
[('庭院深深', '歌手', '江淑娜')]
预测耗时: 2.96 s

No.54806
40.澎堤池 Pontypool (2008) 　　导演：布鲁斯·麦克唐纳德　　主演：史蒂芬·麦克哈蒂 乔吉娜·瑞利　　类型： 恐怖 / 惊悚　　上映日期：2008年9月6日 加拿大　　一个小镇的电台发现最近发生在这里的几起的精神病发作事件可能是由一种病毒引起的，而这种病毒会通过电台的电波来传输
[('澎堤池', '主演', '史蒂芬·麦克哈蒂'), ('澎堤池', '导演', '布鲁斯·麦克唐纳德'), ('澎堤池', '主演', '乔吉娜·瑞利')]
预测耗时: 2.89 s

No.100247
《惊奇队长》释出杜比版中文海报 该片由安娜·波顿、瑞安·弗雷克执导，布丽·拉尔森、麦肯娜·格瑞丝、嘉玛·陈、李·佩斯、塞缪尔·杰克逊 、本·门德尔森、裘德·洛等出演 该片将于3月8日中国内地上映
[('惊奇队长', '主演', '李·佩斯'), ('惊奇队长', '主演', '布丽·拉尔森'), ('惊奇队长', '主演', '塞缪尔·杰克逊'), ('惊奇队长', '导演', '安娜·波顿'), ('惊奇队长', '主演', '裘德·洛'), ('惊奇队长', '主演', '嘉玛·陈'), ('惊奇队长', '主演', '本·门德尔森'), ('惊奇队长', '主演', '麦肯娜·格瑞丝'), ('惊奇队长', '上映时间', '3月8日')]
预测耗时: 3.03 s

No.19499
张双旺1943年6月25日出生于伊盟（今鄂尔多斯市），1988年3月创办伊泰集团
[('伊泰集团', '成立日期', '1988年3月'), ('伊泰集团', '创始人', '张双旺')]
预测耗时: 2.99 s

No.7442
个人简介韦莽，男，汉族，贵州贞丰人，1968年8月生，中央党校党政管理专业毕业，1990年8月参加工作，1992年11月加入中国共产党，现任州人民政府副秘书长、州政府办公室党组成员
[('韦莽', '毕业院校', '中央党校')]
预测耗时: 2.97 s

No.75144
年代家族恩怨大戏《嫁入豪门》正在横店如火如荼地拍摄中，该剧由台湾金牌编剧杨曼丽执笔，该剧汇集了佘诗曼、钱泳辰、陆昱霖、解惠清、唐熙等两岸三地的一大批优秀青年演员，而台湾实力戏骨俞小凡的加盟助阵,并在剧中与汤镇业精彩飙戏,更使整部剧亮点迭出
[('嫁入豪门', '主演', '俞小凡'), ('嫁入豪门', '主演', '解惠清'), ('嫁入豪门', '主演', '钱泳辰'), ('嫁入豪门', '主演', '陆昱霖'), ('嫁入豪门', '编剧', '杨曼丽'), ('嫁入豪门', '主演', '汤镇业'), ('嫁入豪门', '主演', '佘诗曼'), ('嫁入豪门', '主演', '唐熙')]
预测耗时: 2.84 s

No.96478
1995年专辑《情敌贝多芬》01. 四季02. 情敌贝多芬03. 你伤了我的心04. 为我哭一次好不好05. Love Me Tender06. 听雨07. 乘着爱自由的飞08. The Water Is Wide09. 别这样我会哭10. Last Night11. 不愿说再见
[('别这样我会哭', '所属专辑', '情敌贝多芬'), ('为我哭一次', '所属专辑', '情敌贝多芬'), ('你伤了我的心', '所属专辑', '情敌贝多芬'), ('听雨', '所属专辑', '情敌贝多芬'), ('不愿说再见', '所属专辑', '情敌贝多芬'), ('乘着爱自由的飞', '所属专辑', '情敌贝多芬')]
预测耗时: 2.96 s

No.74594
第四个任贤齐，出演电影《风云》，《龙凤店》，《夺命金》等电影，相比他的电影，大家更熟悉他的歌曲《伤心太平洋》，《天涯》，《橘子香水》等，这些歌被很多人翻唱
[('伤心太平洋', '歌手', '任贤齐'), ('橘子香水', '歌手', '任贤齐')]
预测耗时: 2.95 s

No.57664
中文名： 迪丽热巴·迪力木拉提 外文名： Dilraba 别 名 ：小迪、胖迪、热巴国 籍 ：中国民 族：维吾尔族 星 座： 双子座 身 高 ：171cm 体 重 ：47kg 出生地 ：新疆乌鲁木齐出生日期 ：1992年6月3日 职 业 ：演员 毕业院校：上海戏剧学院经纪公司：嘉行天下 代表作品：古剑奇谭、微时代、克拉恋人、六扇门 主要成就： 2014年中国时尚权力榜年度演艺圈新锐势力奖
[('迪丽热巴·迪力木拉提', '获奖', '中国时尚权力榜年度演艺圈新锐势力奖'), ('克拉恋人', '主演', '迪丽热巴·迪力木拉提'), ('微时代', '主演', '迪丽热巴·迪力木拉提'), ('古剑奇谭', '主演', '迪丽热巴·迪力木拉提'), ('迪丽热巴·迪力木拉提', '国籍', '中国')]
预测耗时: 2.97 s

No.32957
除《武林外史》外，王艳与黄海冰还合作过一部电视剧，你看过吗
[('武林外史', '主演', '黄海冰'), ('武林外史', '主演', '王艳')]
预测耗时: 2.92 s

No.81552
黄新平，出生于1968年8月，峡江县人，汉族，中共党员，辽宁刊授党校大专学历，1989年7月毕业于江西省吉水师范，2005年9月任峡江县发改委副主任，分管办公室、财务、项目备案、立项、核准、项目稽察、宏观经济运行、农村经济、烤烟蹲点、新农村建设等方面的工作
[('黄新平', '毕业院校', '江西省吉水师范')]
预测耗时: 2.93 s

No.32383
5，《新白发魔女传》（2012年大陆电视版）　 樊少皇饰岳鸣珂
[('樊少皇', '饰演', '岳鸣珂'), ('新白发魔女传', '主演', '樊少皇')]
预测耗时: 2.95 s

No.25977
《审美经验现象学（上、下）》是1996年文化艺术出版社出版的图书，作者是法米·杜夫海纳
[('审美经验现象学（上、下）', '作者', '法米·杜夫海纳')]
预测耗时: 2.90 s

No.90401
”对于邹市明引发过的争议，冉莹颖也一一做出了说明：参加综艺节目是尝试从别的角度推广拳击，让更多人了解这个行业
[('冉莹颖', '丈夫', '邹市明'), ('邹市明', '妻子', '冉莹颖')]
预测耗时: 2.97 s

No.51829
10月在陈小艺，许亚军共同主演虐心剧《我和我的他们》在安徽、深圳、云南、广西卫视首播并在剧中董芊芊
[('我和我的他们', '主演', '陈小艺'), ('我和我的他们', '主演', '许亚军')]
预测耗时: 3.05 s

No.62690
电影《误入江湖》讲述了一段发生在现代都市里的江湖故事：一心实现财富小目标的有志青年伍六七（郭金杰饰），意外地碰到诸多“奇葩人物”，随着“大哥”林超仁（刘桦饰）和“大佬”许江（李子雄饰）的粉墨登场，伍六七发现社会就是江湖，江湖就是套路
[('郭金杰', '饰演', '许江'), ('李子雄', '饰演', '伍六七'), ('误入江湖', '主演', '李子雄'), ('刘桦', '饰演', '许江'), ('刘桦', '饰演', '林超仁'), ('误入江湖', '主演', '郭金杰'), ('郭金杰', '饰演', '伍六七'), ('误入江湖', '主演', '刘桦'), ('李子雄', '饰演', '林超仁'), ('刘桦', '饰演', '伍六七'), ('李子雄', '饰演', '许江'), ('郭金杰', '饰演', '林超仁')]
预测耗时: 2.98 s

No.61080
他与张武元（朴成雄饰）、张敏珠（尹素怡饰）和崔泰平（李元钟饰）组成了绝密特殊搜查队搜查5科，四人隐藏身份过着看似日常的生活，暗地里通过窃听、监听和卧底对抗暴力犯罪3
[('尹素怡', '饰演', '张敏珠'), ('李元钟', '饰演', '张武元'), ('李元钟', '饰演', '崔泰平'), ('李元钟', '饰演', '张敏珠'), ('尹素怡', '饰演', '崔泰平'), ('朴成雄', '饰演', '张武元'), ('朴成雄', '饰演', '崔泰平'), ('尹素怡', '饰演', '张武元'), ('朴成雄', '饰演', '张敏珠')]
预测耗时: 2.99 s

No.80742
演员秦芜篇1990年《宋庆龄和她的姊妹们》：法租界商会总联合会主席杜月笙导演潘霞 中国电视剧制作中心出品
[('宋庆龄和她的姊妹们', '出品公司', '中国电视剧制作中心'), ('宋庆龄和她的姊妹们', '导演', '潘霞')]
预测耗时: 2.88 s

No.25144
1992年，赵本山与马丽娟结婚，1997年大年初一，马丽娟又为他生下一对龙凤胎，赵一楠和赵一涵
[('赵本山', '妻子', '马丽娟'), ('赵一楠', '父亲', '赵本山'), ('马丽娟', '丈夫', '赵本山'), ('赵一涵', '母亲', '马丽娟'), ('赵一涵', '父亲', '赵本山'), ('赵一楠', '母亲', '马丽娟')]
预测耗时: 2.93 s

No.64931
《丧婆》是谢安琪的音乐作品，周博贤作曲，收录在《KayOne》专辑中
[('丧婆', '歌手', '谢安琪'), ('丧婆', '作曲', '周博贤'), ('丧婆', '所属专辑', 'KayOne')]
预测耗时: 2.91 s

No.30810
2014年3月28日，池珍熙与黄圣依、文章联袂主演的中韩合拍爱情电影《我在路上最爱你》上映；剧中池珍熙饰演一位飞往中国寻求感情疗伤的韩国医生周焕17
[('我在路上最爱你', '上映时间', '2014年3月28日'), ('池珍熙', '饰演', '周焕'), ('我在路上最爱你', '主演', '黄圣依'), ('我在路上最爱你', '主演', '文章'), ('我在路上最爱你', '主演', '池珍熙')]
预测耗时: 2.96 s

No.77716
《末世冰山男神》是瑾漠创作的网络小说，发表于晋江文学网
[('末世冰山男神', '作者', '瑾漠')]
预测耗时: 2.98 s

No.23617
他就是饰演男二号赵承志的演员徐正溪，说起他的名字想必许多人都觉得陌生，但是说起《夏家三千金》中的“痞子帅哥”严立恒想必大家就熟悉了
[('徐正溪', '饰演', '严立恒'), ('夏家三千金', '主演', '徐正溪'), ('徐正溪', '饰演', '赵承志')]
预测耗时: 3.22 s

No.32901
《榜眼李仙根》，胡传淮、陈名扬主编，239千字，2015年6月中国文史出版社出版
[('榜眼李仙根', '作者', '陈名扬'), ('榜眼李仙根', '作者', '胡传淮')]
预测耗时: 3.04 s

No.87668
强推第3期江美琪《东京铁塔的幸福》、第6期徐怀钰《友情卡片》、第8期戴佩妮《水中央》、第11期范玮琪《我们之间的事》、第12期周蕙《风铃》、端午金曲捞徐怀钰《温习》
[]
预测耗时: 3.09 s

No.70089
他自己没想成为企业家，但我感觉他是‘大人物’，如果一直演戏，会成为大演员 据说茶母开拍时，编剧导演演员都不待见剧本，李瑞镇却能让皇甫允这个角色制造出流行语‘很疼吗? 我也很心疼’，他作品太少，真希望他努力工作 无论在电视剧中还是在综艺节目中，他知道观众想看什么 他能使他扮演的角色发光
[('茶母', '主演', '李瑞镇'), ('李瑞镇', '饰演', '皇甫允')]
预测耗时: 3.52 s

No.26009
截止至150亿节点，吴京主演电影票房前五：《战狼2》56.83亿、《流浪地球》46.55亿、《我和我的祖国》20.38亿、《攀登者》7.53亿、《杀破狼2》5.60亿
[]
预测耗时: 2.98 s

No.73967
蔡东男，汉族，1948年生，大专学历，主治中医师1
[]
预测耗时: 2.82 s

No.1069
最强大脑：节目史上第一对牵手的学员，甜蜜表白，戚薇激动大喊
[('最强大脑', '嘉宾', '戚薇')]
预测耗时: 2.94 s

No.63115
《初中数学解题方法全书》是2001年12月1日在上海远东出版社出版的图书，作者是杨象富
[('初中数学解题方法全书', '作者', '杨象富')]
预测耗时: 2.88 s

No.25534
长编巨著，则有中山大学孙中山研究所桑兵教授的团队，在2012年由社会科学文献出版社出版了十卷本约四百八十万字的《各方致孙中山函电汇编》
[('各方致孙中山函电汇编', '作者', '桑兵')]
预测耗时: 2.88 s

No.60897
1985年阴历3月27日，Sky诞生在河南省的一个小县城——平顶山的汝州市，他的父亲是汝州市第一人民医院的医生，母亲原来在酒厂工作，1998年中国国有体制改革阶段下岗了
[('Sky', '国籍', '中国')]
预测耗时: 2.88 s

No.2628
2017年4月14日，经南充市人民政府六届第九次常务会议研究决定：邓晓皋任南充中等专业学校校长
[('南充中等专业学校', '校长', '邓晓皋')]
预测耗时: 2.81 s

No.92675
周杰伦以音乐人出道，跨界执导电影第一部作品《不能说的秘密》就赢得口碑票房双丰收 时隔6年，他带来第二部自导自演电影作品《天台爱情》（原名《天台》） 这部诚意之作《天台爱情》由恒大影视、唐德国际、创映电影、安乐影片联合出品，将于7月11日正式在全国院线上映，同期献映香港、台湾、东南亚及北美地区，全球即将席卷刮起《天台》风潮，燃爆暑期嘉年华 -------我是小尾巴~
[('天台爱情', '出品公司', '唐德国际'), ('天台爱情', '上映时间', '7月11日'), ('天台爱情', '出品公司', '恒大影视'), ('天台爱情', '出品公司', '安乐影片'), ('天台爱情', '导演', '周杰伦'), ('天台爱情', '出品公司', '创映电影'), ('天台爱情', '主演', '周杰伦')]
预测耗时: 3.13 s

No.9105
2000-2002年，周迅接连主演民国大戏《人间四月天》、《像雾像雨又像风》、《橘子红了》等剧，凭借影片《橘子红了》获得第二届中国电视艺术“双十佳”“十佳演员”
[('橘子红了', '主演', '周迅'), ('像雾像雨又像风', '主演', '周迅'), ('人间四月天', '主演', '周迅')]
预测耗时: 3.14 s

No.10035
播出信息播出时间播出平台2003年07月18日四川台公共频道142003年11月20日CETV132003年11月20日中国教育电视台三套15剧集评价电视剧《买办之家》取材于著名作家林希的同名长篇小说，是林希“天津百年三部曲”的第一部
[('买办之家', '上映时间', '2003年07月18日')]
预测耗时: 2.91 s

No.49160
马里奥·佩斯坎特（MarioPescante）1994年进入国际奥委会，时任国际奥委会副主席，但于2012年2月12日因意大利政府拒绝为罗马申办2020年奥运会提供财政支持，身为申办委员会主席的佩斯坎特宣布，请辞国际奥委会副主席一职
[('马里奥·佩斯坎特', '国籍', '意大利')]
预测耗时: 2.89 s

No.39670
《零之真实》（日本）主演：武井咲、佐佐木藏之介、真矢美纪等该剧讲述的是关于中央监察医务院的新任检查医生松本真央的故事，她不仅仅是IQ高达150的天才少女，同时个性冷淡，对解剖之外的事情一律无感 故事设置的别致新颖，很多角度前所未见，在亚洲影视作品中尤为难得
[('零之真实', '主演', '佐佐木藏之介'), ('零之真实', '主演', '真矢美纪'), ('零之真实', '主演', '武井咲')]
预测耗时: 2.89 s

No.98735
陈建华，男，2001年毕业于福建师范大学生物工程学院动物学专业，研究方向为动物细胞工程，获硕士学位，现于福建医科大学攻读博士学位
[('陈建华', '毕业院校', '福建师范大学')]
预测耗时: 2.89 s

No.77710
西梅尔斯基是一名捷克籍职业足球运动员，场上位置是后卫
[('西梅尔斯基', '国籍', '捷克')]
预测耗时: 3.05 s

